<?xml version="1.0" encoding="UTF-8"?>
<robot generator="Robot 7.3.2 (Python 3.12.0 on win32)" generated="2025-08-28T11:48:45.686113" rpa="false" schemaversion="5">
<suite id="s1" name="CRIAR PEDIDOS" source="C:\Users\P60P\OneDrive - VIBRA\Documentos\github\testeS4\Testes\Caso 4 - Fluxo Completo\Criar Pedidos\CRIAR_PEDIDOS.robot">
<test id="s1-t1" name="Create Purchase Orders From Excel" line="25">
<kw name="Open Excel Worksheet" owner="sap_common">
<kw name="Join Path" owner="OperatingSystem">
<msg time="2025-08-28T11:48:46.478319" level="INFO">${caminho_planilha} = C:\Users\P60P\OneDrive - VIBRA\Documentos\github\testeS4\Dados\Dados apresentação 22-08.xlsx</msg>
<var>${caminho_planilha}</var>
<arg>C:\\Users\\P60P\\OneDrive - VIBRA\\Documentos\\github\\testeS4\\Resources</arg>
<arg>..</arg>
<arg>Dados</arg>
<arg>${nomePlanilha}</arg>
<doc>Joins the given path part(s) to the given base path.</doc>
<status status="PASS" start="2025-08-28T11:48:46.478319" elapsed="0.000000"/>
</kw>
<kw name="Open Workbook" owner="RPA.Excel.Files">
<msg time="2025-08-28T11:48:46.478319" level="INFO">Opened workbook: &lt;RPA.Excel.Files.XlsxWorkbook object at 0x00000180EBD65DF0&gt;</msg>
<arg>${caminho_planilha}</arg>
<doc>Open an existing Excel workbook.</doc>
<status status="PASS" start="2025-08-28T11:48:46.478319" elapsed="0.000000"/>
</kw>
<kw name="Read Worksheet As Table" owner="RPA.Excel.Files">
<msg time="2025-08-28T11:48:46.478319" level="INFO">Created table: Table(columns=['Pedido Origem', 'Preço', 'TIP DE PEDIDO', 'FORNECEDOR', 'COND.PAG', 'INCOTERM', 'ORG. COMPRAS', 'GP. COMPRADOR', 'EMPRESA', 'MATERIAL', 'QNTD', 'CENTRO', 'TP CONTRATO', 'ITEM CONT.', 'Data de Remessa', 'NV CONTRATO', 'NV PEDIDO', 'MIGO', 'MIRO'], rows=2)</msg>
<msg time="2025-08-28T11:48:46.478319" level="INFO">${testData} = Table(columns=['Pedido Origem', 'Preço', 'TIP DE PEDIDO', 'FORNECEDOR', 'COND.PAG', 'INCOTERM', 'ORG. COMPRAS', 'GP. COMPRADOR', 'EMPRESA', 'MATERIAL', 'QNTD', 'CENTRO', 'TP CONTRATO', 'ITEM CONT.', '...</msg>
<var>${testData}</var>
<arg>header=True</arg>
<doc>Read the contents of a worksheet into a Table container. Allows
sorting/filtering/manipulating using the ``RPA.Tables`` library.</doc>
<status status="PASS" start="2025-08-28T11:48:46.478319" elapsed="0.000000"/>
</kw>
<return>
<value>${testData}</value>
<status status="PASS" start="2025-08-28T11:48:46.478319" elapsed="0.000000"/>
</return>
<msg time="2025-08-28T11:48:46.478319" level="INFO">${testData} = Table(columns=['Pedido Origem', 'Preço', 'TIP DE PEDIDO', 'FORNECEDOR', 'COND.PAG', 'INCOTERM', 'ORG. COMPRAS', 'GP. COMPRADOR', 'EMPRESA', 'MATERIAL', 'QNTD', 'CENTRO', 'TP CONTRATO', 'ITEM CONT.', '...</msg>
<var>${testData}</var>
<arg>Dados apresentação 22-08.xlsx</arg>
<doc>Abre o arquivo Excel com os dados para a execução dos casos de teste.</doc>
<status status="PASS" start="2025-08-28T11:48:46.478319" elapsed="0.000000"/>
</kw>
<kw name="Prepare SAP" owner="sap_common">
<kw name="Connect to Running SAP" owner="RoboSAPiens">
<msg time="2025-08-28T11:48:48.616900" level="INFO">Connected to a running SAP instance.</msg>
<doc>Connect to an already running SAP instance and take control of it.</doc>
<status status="PASS" start="2025-08-28T11:48:46.493943" elapsed="2.122957"/>
</kw>
<kw name="Maximize window" owner="RoboSAPiens">
<msg time="2025-08-28T11:48:48.616900" level="INFO">The window in the foreground was maximized.</msg>
<doc>Maximize the window in the foreground.</doc>
<status status="PASS" start="2025-08-28T11:48:48.616900" elapsed="0.000000"/>
</kw>
<doc>Conecta e prepara a instância do SAP</doc>
<status status="PASS" start="2025-08-28T11:48:46.478319" elapsed="2.138581"/>
</kw>
<for flavor="IN">
<iter>
<kw name="Create Single Purchase Order">
<kw name="Execute Transaction" owner="RoboSAPiens">
<msg time="2025-08-28T11:48:51.897446" level="INFO">The transaction with T-Code /nme21n was executed.</msg>
<arg>/nme21n</arg>
<doc>Execute the transaction with the given T-Code.</doc>
<status status="PASS" start="2025-08-28T11:48:48.616900" elapsed="3.280546"/>
</kw>
<kw name="Select Tab" owner="RoboSAPiens">
<msg time="2025-08-28T11:48:55.473162" level="INFO">The tab 'Dados organizacionais' was selected.</msg>
<arg>Dados organizacionais</arg>
<doc>Select the tab with the name provided.</doc>
<status status="PASS" start="2025-08-28T11:48:51.897446" elapsed="3.575716"/>
</kw>
<kw name="Fill Text Field" owner="RoboSAPiens">
<msg time="2025-08-28T11:48:55.513196" level="INFO">The text field with the locator 'Organização de compras' was filled.</msg>
<arg>Organização de compras</arg>
<arg>${row_data['ORG. COMPRAS']}</arg>
<doc>Fill the text field specified by the locator with the content provided.</doc>
<status status="PASS" start="2025-08-28T11:48:55.473670" elapsed="0.039526"/>
</kw>
<kw name="Fill Text Field" owner="RoboSAPiens">
<msg time="2025-08-28T11:48:55.524584" level="INFO">The text field with the locator 'Grupo de compradores' was filled.</msg>
<arg>Grupo de compradores</arg>
<arg>${row_data['GP. COMPRADOR']}</arg>
<doc>Fill the text field specified by the locator with the content provided.</doc>
<status status="PASS" start="2025-08-28T11:48:55.513196" elapsed="0.011388"/>
</kw>
<kw name="Fill Text Field" owner="RoboSAPiens">
<msg time="2025-08-28T11:48:55.533925" level="INFO">The text field with the locator 'Fornecedor/centro fornecedor' was filled.</msg>
<arg>Fornecedor/centro fornecedor</arg>
<arg>${row_data['FORNECEDOR']}</arg>
<doc>Fill the text field specified by the locator with the content provided.</doc>
<status status="PASS" start="2025-08-28T11:48:55.525590" elapsed="0.008335"/>
</kw>
<kw name="Select Tab" owner="RoboSAPiens">
<msg time="2025-08-28T11:48:57.717329" level="INFO">The tab 'Remessa/fatura' was selected.</msg>
<arg>Remessa/fatura</arg>
<doc>Select the tab with the name provided.</doc>
<status status="PASS" start="2025-08-28T11:48:55.533925" elapsed="2.183404"/>
</kw>
<kw name="Fill Cell" owner="RoboSAPiens">
<msg time="2025-08-28T11:48:57.797452" level="INFO">The cell with the locator '1, Material' was filled.</msg>
<arg>1</arg>
<arg>Material</arg>
<arg>${row_data['MATERIAL']}</arg>
<doc>Fill the cell at the intersection of the row and column with the content provided.</doc>
<status status="PASS" start="2025-08-28T11:48:57.717329" elapsed="0.080123"/>
</kw>
<kw name="Fill Cell" owner="RoboSAPiens">
<msg time="2025-08-28T11:48:57.844325" level="INFO">The cell with the locator '1, Qtd.pedido' was filled.</msg>
<arg>1</arg>
<arg>Qtd.pedido</arg>
<arg>${row_data['QNTD']}</arg>
<doc>Fill the cell at the intersection of the row and column with the content provided.</doc>
<status status="PASS" start="2025-08-28T11:48:57.797452" elapsed="0.046873"/>
</kw>
<kw name="Fill Cell" owner="RoboSAPiens">
<msg time="2025-08-28T11:48:57.891710" level="INFO">The cell with the locator '1, Cen.' was filled.</msg>
<arg>1</arg>
<arg>Cen.</arg>
<arg>${row_data['CENTRO']}</arg>
<doc>Fill the cell at the intersection of the row and column with the content provided.</doc>
<status status="PASS" start="2025-08-28T11:48:57.844325" elapsed="0.047385"/>
</kw>
<if>
<branch type="IF" condition="'${row_data}[NV CONTRATO]' != '${EMPTY}'">
<kw name="Fill Cell" owner="RoboSAPiens">
<msg time="2025-08-28T11:48:57.976735" level="INFO">The cell with the locator '1, Contrato básico' was filled.</msg>
<arg>1</arg>
<arg>Contrato básico</arg>
<arg>${row_data['NV CONTRATO']}</arg>
<doc>Fill the cell at the intersection of the row and column with the content provided.</doc>
<status status="PASS" start="2025-08-28T11:48:57.891710" elapsed="0.085025"/>
</kw>
<kw name="Press Key Combination" owner="RoboSAPiens">
<msg time="2025-08-28T11:49:01.494684" level="INFO">The key combination 'Enter' was pressed.</msg>
<arg>Enter</arg>
<doc>Press the given key combination.</doc>
<status status="PASS" start="2025-08-28T11:48:57.976735" elapsed="3.517949"/>
</kw>
<kw name="Press Key Combination" owner="RoboSAPiens">
<msg time="2025-08-28T11:49:01.966784" level="INFO">The key combination 'Ctrl+F2' was pressed.</msg>
<arg>Ctrl+F2</arg>
<doc>Press the given key combination.</doc>
<status status="PASS" start="2025-08-28T11:49:01.494684" elapsed="0.472100"/>
</kw>
<status status="PASS" start="2025-08-28T11:48:57.891710" elapsed="4.075074"/>
</branch>
<status status="PASS" start="2025-08-28T11:48:57.891710" elapsed="4.075074"/>
</if>
<kw name="Fill Text Field" owner="RoboSAPiens">
<msg time="2025-08-28T11:49:02.042513" level="FAIL">NotFound: The text field with the locator 'Chave de condições de pagamento' could not be found. Hint: Check the spelling</msg>
<arg>Chave de condições de pagamento</arg>
<arg>Z150</arg>
<doc>Fill the text field specified by the locator with the content provided.</doc>
<status status="FAIL" start="2025-08-28T11:49:01.966784" elapsed="0.075729">NotFound: The text field with the locator 'Chave de condições de pagamento' could not be found. Hint: Check the spelling</status>
</kw>
<kw name="Fill Text Field" owner="RoboSAPiens">
<arg>Incoterms parte 1</arg>
<arg>${row_data['INCOTERM']}</arg>
<doc>Fill the text field specified by the locator with the content provided.</doc>
<status status="NOT RUN" start="2025-08-28T11:49:02.042513" elapsed="0.000000"/>
</kw>
<kw name="Press Key Combination" owner="RoboSAPiens">
<arg>Enter</arg>
<doc>Press the given key combination.</doc>
<status status="NOT RUN" start="2025-08-28T11:49:02.042513" elapsed="0.000000"/>
</kw>
<for flavor="IN RANGE">
<iter>
<kw name="Press Key Combination" owner="RoboSAPiens">
<arg>Enter</arg>
<doc>Press the given key combination.</doc>
<status status="NOT RUN" start="2025-08-28T11:49:02.042513" elapsed="0.000000"/>
</kw>
<var name="${i}"/>
<status status="NOT RUN" start="2025-08-28T11:49:02.042513" elapsed="0.000000"/>
</iter>
<var>${i}</var>
<value>6</value>
<status status="NOT RUN" start="2025-08-28T11:49:02.042513" elapsed="0.000000"/>
</for>
<kw name="Press Key Combination" owner="RoboSAPiens">
<arg>CTRL+S</arg>
<doc>Press the given key combination.</doc>
<status status="NOT RUN" start="2025-08-28T11:49:02.042513" elapsed="0.000000"/>
</kw>
<kw name="Handle Confirmation Dialog">
<doc>Trata janelas de confirmação que podem aparecer</doc>
<status status="NOT RUN" start="2025-08-28T11:49:02.042513" elapsed="0.000000"/>
</kw>
<kw name="Get Purchase Order Number">
<var>${po_number}</var>
<doc>Extrai o número do pedido criado da barra de status</doc>
<status status="NOT RUN" start="2025-08-28T11:49:02.042513" elapsed="0.000000"/>
</kw>
<return>
<value>${po_number}</value>
<status status="NOT RUN" start="2025-08-28T11:49:02.042513" elapsed="0.000000"/>
</return>
<var>${purchase_order_number}</var>
<arg>${row_data}</arg>
<doc>Cria um único pedido de compra com os dados fornecidos</doc>
<status status="FAIL" start="2025-08-28T11:48:48.616900" elapsed="13.425613">NotFound: The text field with the locator 'Chave de condições de pagamento' could not be found. Hint: Check the spelling</status>
</kw>
<kw name="Update Excel With PO Number">
<arg>${row_data}</arg>
<arg>${purchase_order_number}</arg>
<doc>Atualiza a planilha Excel com o número do pedido gerado</doc>
<status status="NOT RUN" start="2025-08-28T11:49:02.042513" elapsed="0.000000"/>
</kw>
<var name="${row_data}">{'Pedido Origem': 4503273185, 'Preço': 6, 'TIP DE PEDIDO': 'ZD', 'FORNECEDOR': 10001859, 'COND.PAG': 'Z000', 'INCOTERM': 'Z13', 'ORG. COMPRAS': 5821, 'GP. COMPRADOR': 951, 'EMPRESA': 2000, 'MATERIAL':...</var>
<status status="FAIL" start="2025-08-28T11:48:48.616900" elapsed="13.425613">NotFound: The text field with the locator 'Chave de condições de pagamento' could not be found. Hint: Check the spelling</status>
</iter>
<var>${row_data}</var>
<value>@{testData}</value>
<status status="FAIL" start="2025-08-28T11:48:48.616900" elapsed="13.425613">NotFound: The text field with the locator 'Chave de condições de pagamento' could not be found. Hint: Check the spelling</status>
</for>
<kw name="Save And Close Excel">
<doc>Salva e fecha a planilha Excel</doc>
<status status="NOT RUN" start="2025-08-28T11:49:02.042513" elapsed="0.000000"/>
</kw>
<kw name="Log" owner="BuiltIn">
<arg>Pedidos criados com sucesso! Conferir coluna Q do Excel.</arg>
<doc>Logs the given message with the given level.</doc>
<status status="NOT RUN" start="2025-08-28T11:49:02.042513" elapsed="0.000000"/>
</kw>
<doc>Cria múltiplos pedidos de compra lendo dados do Excel

Colunas do Excel esperadas:
A: Contador/ID (não usado)
C: Tipo de Pedido
D: Fornecedor
E: Condições de Pagamento
F: Incoterm
G: Organização de Compras
H: Grupo de Compradores
I: Empresa
J: Material
K: Quantidade
L: Centro
M: Contrato (opcional)
N: Item do Contrato (opcional)
Q: Número do Pedido (será preenchido)</doc>
<tag>Automated</tag>
<tag>Excel</tag>
<tag>ME21N</tag>
<tag>Order</tag>
<tag>Purchase</tag>
<status status="FAIL" start="2025-08-28T11:48:46.462699" elapsed="15.579814">NotFound: The text field with the locator 'Chave de condições de pagamento' could not be found. Hint: Check the spelling</status>
</test>
<doc>Caso de teste para criação de Pedidos de Compra (ME21N)
Convertido de script VBS para Robot Framework usando RoboSAPiens

Este teste automatiza a criação de múltiplos pedidos de compra
na transação ME21N do SAP, lendo os dados de uma planilha Excel
e salvando os números dos pedidos gerados.</doc>
<status status="FAIL" start="2025-08-28T11:48:45.701682" elapsed="16.340831"/>
</suite>
<statistics>
<total>
<stat pass="0" fail="1" skip="0">All Tests</stat>
</total>
<tag>
<stat pass="0" fail="1" skip="0">Automated</stat>
<stat pass="0" fail="1" skip="0">Excel</stat>
<stat pass="0" fail="1" skip="0">ME21N</stat>
<stat pass="0" fail="1" skip="0">Order</stat>
<stat pass="0" fail="1" skip="0">Purchase</stat>
</tag>
<suite>
<stat name="CRIAR PEDIDOS" id="s1" pass="0" fail="1" skip="0">CRIAR PEDIDOS</stat>
</suite>
</statistics>
<errors>
</errors>
</robot>
