<?xml version="1.0" encoding="UTF-8"?>
<robot generator="Robot 7.3.2 (Python 3.12.10 on win32)" generated="2025-08-28T16:31:05.721842" rpa="false" schemaversion="5">
<suite id="s1" name="CRIAR CONTRATOS" source="C:\Users\ETH6\OneDrive - VIBRA\Documentos\GitHub\testeS4\Testes\Caso 4 - Fluxo Completo\Criar contratos\CRIAR_CONTRATOS.robot">
<test id="s1-t1" name="Criar Contratos SAP" line="16">
<kw name="Prepare SAP" owner="sap_common">
<kw name="Connect to Running SAP" owner="RoboSAPiens">
<msg time="2025-08-28T16:31:09.361880" level="INFO">Connected to a running SAP instance.</msg>
<doc>Connect to an already running SAP instance and take control of it.</doc>
<status status="PASS" start="2025-08-28T16:31:06.591327" elapsed="2.770553"/>
</kw>
<kw name="Maximize window" owner="RoboSAPiens">
<msg time="2025-08-28T16:31:09.361880" level="INFO">The window in the foreground was maximized.</msg>
<doc>Maximize the window in the foreground.</doc>
<status status="PASS" start="2025-08-28T16:31:09.361880" elapsed="0.000000"/>
</kw>
<doc>Conecta e prepara a instância do SAP</doc>
<status status="PASS" start="2025-08-28T16:31:06.590312" elapsed="2.771568"/>
</kw>
<kw name="Open Excel Worksheet" owner="sap_common">
<kw name="Join Path" owner="OperatingSystem">
<msg time="2025-08-28T16:31:09.361880" level="INFO">${caminho_planilha} = C:\Users\ETH6\OneDrive - VIBRA\Documentos\GitHub\testeS4\Dados\Dados apresentação 22-08.xlsx</msg>
<var>${caminho_planilha}</var>
<arg>C:\\Users\\ETH6\\OneDrive - VIBRA\\Documentos\\GitHub\\testeS4\\Resources</arg>
<arg>..</arg>
<arg>Dados</arg>
<arg>${nomePlanilha}</arg>
<doc>Joins the given path part(s) to the given base path.</doc>
<status status="PASS" start="2025-08-28T16:31:09.361880" elapsed="0.000000"/>
</kw>
<kw name="Open Workbook" owner="RPA.Excel.Files">
<msg time="2025-08-28T16:31:09.377469" level="INFO">Opened workbook: &lt;RPA.Excel.Files.XlsxWorkbook object at 0x0000021C7D0060F0&gt;</msg>
<arg>${caminho_planilha}</arg>
<doc>Open an existing Excel workbook.</doc>
<status status="PASS" start="2025-08-28T16:31:09.361880" elapsed="0.015589"/>
</kw>
<kw name="Read Worksheet As Table" owner="RPA.Excel.Files">
<msg time="2025-08-28T16:31:09.377469" level="INFO">Created table: Table(columns=['Pedido Origem', 'Preço', 'TIP DE PEDIDO', 'FORNECEDOR', 'COND.PAG', 'INCOTERM', 'ORG. COMPRAS', 'GP. COMPRADOR', 'EMPRESA', 'MATERIAL', 'QNTD', 'CENTRO', 'TP CONTRATO', 'ITEM CONT.', 'Data de Remessa', 'NV CONTRATO', 'NV PEDIDO', 'MIGO', 'MIRO'], rows=2)</msg>
<msg time="2025-08-28T16:31:09.377469" level="INFO">${testData} = Table(columns=['Pedido Origem', 'Preço', 'TIP DE PEDIDO', 'FORNECEDOR', 'COND.PAG', 'INCOTERM', 'ORG. COMPRAS', 'GP. COMPRADOR', 'EMPRESA', 'MATERIAL', 'QNTD', 'CENTRO', 'TP CONTRATO', 'ITEM CONT.', '...</msg>
<var>${testData}</var>
<arg>header=True</arg>
<doc>Read the contents of a worksheet into a Table container. Allows
sorting/filtering/manipulating using the ``RPA.Tables`` library.</doc>
<status status="PASS" start="2025-08-28T16:31:09.377469" elapsed="0.000000"/>
</kw>
<return>
<value>${testData}</value>
<status status="PASS" start="2025-08-28T16:31:09.377469" elapsed="0.000000"/>
</return>
<msg time="2025-08-28T16:31:09.377469" level="INFO">${testData} = Table(columns=['Pedido Origem', 'Preço', 'TIP DE PEDIDO', 'FORNECEDOR', 'COND.PAG', 'INCOTERM', 'ORG. COMPRAS', 'GP. COMPRADOR', 'EMPRESA', 'MATERIAL', 'QNTD', 'CENTRO', 'TP CONTRATO', 'ITEM CONT.', '...</msg>
<var>${testData}</var>
<arg>Dados apresentação 22-08.xlsx</arg>
<doc>Abre o arquivo Excel com os dados para a execução dos casos de teste.</doc>
<status status="PASS" start="2025-08-28T16:31:09.361880" elapsed="0.015589"/>
</kw>
<kw name="Execute Transaction" owner="RoboSAPiens">
<msg time="2025-08-28T16:31:09.806059" level="INFO">The transaction with T-Code /nme31k was executed.</msg>
<arg>/nme31k</arg>
<doc>Execute the transaction with the given T-Code.</doc>
<status status="PASS" start="2025-08-28T16:31:09.377469" elapsed="0.428590"/>
</kw>
<kw name="Process Contracts">
<kw name="Get Length" owner="BuiltIn">
<msg time="2025-08-28T16:31:09.806059" level="INFO">Length is 2.</msg>
<msg time="2025-08-28T16:31:09.806059" level="INFO">${total_rows} = 2</msg>
<var>${total_rows}</var>
<arg>${testData}</arg>
<doc>Returns and logs the length of the given item as an integer.</doc>
<status status="PASS" start="2025-08-28T16:31:09.806059" elapsed="0.000000"/>
</kw>
<kw name="Log" owner="BuiltIn">
<msg time="2025-08-28T16:31:09.806059" level="INFO">Total de linhas para processar: 2</msg>
<arg>Total de linhas para processar: ${total_rows}</arg>
<doc>Logs the given message with the given level.</doc>
<status status="PASS" start="2025-08-28T16:31:09.806059" elapsed="0.000000"/>
</kw>
<kw name="Set Variable" owner="BuiltIn">
<msg time="2025-08-28T16:31:09.806059" level="INFO">${row_number} = 2</msg>
<var>${row_number}</var>
<arg>${LINHA_INICIAL}</arg>
<doc>Returns the given values which can then be assigned to a variables.</doc>
<status status="PASS" start="2025-08-28T16:31:09.806059" elapsed="0.000000"/>
</kw>
<for flavor="IN ENUMERATE">
<iter>
<kw name="Create Contract">
<kw name="Set Variable" owner="BuiltIn">
<msg time="2025-08-28T16:31:09.806059" level="INFO">${fornecedor} = 10001859</msg>
<var>${fornecedor}</var>
<arg>${contract_data['FORNECEDOR']}</arg>
<doc>Returns the given values which can then be assigned to a variables.</doc>
<status status="PASS" start="2025-08-28T16:31:09.806059" elapsed="0.000000"/>
</kw>
<kw name="Set Variable" owner="BuiltIn">
<msg time="2025-08-28T16:31:09.806059" level="INFO">${tipo_contrato} = ZDDR</msg>
<var>${tipo_contrato}</var>
<arg>${contract_data['TP CONTRATO']}</arg>
<doc>Returns the given values which can then be assigned to a variables.</doc>
<status status="PASS" start="2025-08-28T16:31:09.806059" elapsed="0.000000"/>
</kw>
<kw name="Set Variable" owner="BuiltIn">
<msg time="2025-08-28T16:31:09.806059" level="INFO">${org_compra} = 5821</msg>
<var>${org_compra}</var>
<arg>${contract_data['ORG. COMPRAS']}</arg>
<doc>Returns the given values which can then be assigned to a variables.</doc>
<status status="PASS" start="2025-08-28T16:31:09.806059" elapsed="0.000000"/>
</kw>
<kw name="Set Variable" owner="BuiltIn">
<msg time="2025-08-28T16:31:09.806059" level="INFO">${grp_comprador} = 951</msg>
<var>${grp_comprador}</var>
<arg>${contract_data['GP. COMPRADOR']}</arg>
<doc>Returns the given values which can then be assigned to a variables.</doc>
<status status="PASS" start="2025-08-28T16:31:09.806059" elapsed="0.000000"/>
</kw>
<kw name="Fill Text Field" owner="RoboSAPiens">
<msg time="2025-08-28T16:31:12.093561" level="INFO">The text field with the locator 'Nº conta do fornecedor' was filled.</msg>
<arg>Nº conta do fornecedor</arg>
<arg>${fornecedor}</arg>
<doc>Fill the text field specified by the locator with the content provided.</doc>
<status status="PASS" start="2025-08-28T16:31:09.806059" elapsed="2.287502"/>
</kw>
<kw name="Fill Text Field" owner="RoboSAPiens">
<msg time="2025-08-28T16:31:12.109150" level="INFO">The text field with the locator 'Tipo de contrato' was filled.</msg>
<arg>Tipo de contrato</arg>
<arg>${tipo_contrato}</arg>
<doc>Fill the text field specified by the locator with the content provided.</doc>
<status status="PASS" start="2025-08-28T16:31:12.093561" elapsed="0.015589"/>
</kw>
<kw name="Fill Text Field" owner="RoboSAPiens">
<msg time="2025-08-28T16:31:12.125814" level="INFO">The text field with the locator 'Organização de compras' was filled.</msg>
<arg>Organização de compras</arg>
<arg>${org_compra}</arg>
<doc>Fill the text field specified by the locator with the content provided.</doc>
<status status="PASS" start="2025-08-28T16:31:12.109150" elapsed="0.016664"/>
</kw>
<kw name="Fill Text Field" owner="RoboSAPiens">
<msg time="2025-08-28T16:31:12.140725" level="INFO">The text field with the locator 'Grupo de compradores' was filled.</msg>
<arg>Grupo de compradores</arg>
<arg>${grp_comprador}</arg>
<doc>Fill the text field specified by the locator with the content provided.</doc>
<status status="PASS" start="2025-08-28T16:31:12.125814" elapsed="0.014911"/>
</kw>
<kw name="Press Key Combination" owner="RoboSAPiens">
<msg time="2025-08-28T16:31:12.752508" level="INFO">The key combination 'Enter' was pressed.</msg>
<arg>Enter</arg>
<doc>Press the given key combination.</doc>
<status status="PASS" start="2025-08-28T16:31:12.141760" elapsed="0.610748"/>
</kw>
<kw name="Read Text Field" owner="RoboSAPiens">
<msg time="2025-08-28T16:31:15.495242" level="INFO">The text field with the locator 'Início do período de validade' was read.</msg>
<msg time="2025-08-28T16:31:15.495242" level="INFO">${data_inicial} = 28.08.2025</msg>
<var>${data_inicial}</var>
<arg>Início do período de validade</arg>
<doc>Read the contents of the text field specified by the locator.</doc>
<status status="PASS" start="2025-08-28T16:31:12.752508" elapsed="2.742734"/>
</kw>
<kw name="Calculate Final Date">
<kw name="Split String" owner="String">
<msg time="2025-08-28T16:31:15.495242" level="INFO">${partes} = ['28', '08', '2025']</msg>
<var>${partes}</var>
<arg>${data_inicial}</arg>
<arg>.</arg>
<doc>Splits the ``string`` using ``separator`` as a delimiter string.</doc>
<status status="PASS" start="2025-08-28T16:31:15.495242" elapsed="0.000000"/>
</kw>
<kw name="Convert To Integer" owner="BuiltIn">
<msg time="2025-08-28T16:31:15.495242" level="INFO">${dia} = 28</msg>
<var>${dia}</var>
<arg>${partes}[0]</arg>
<doc>Converts the given item to an integer number.</doc>
<status status="PASS" start="2025-08-28T16:31:15.495242" elapsed="0.000000"/>
</kw>
<kw name="Convert To Integer" owner="BuiltIn">
<msg time="2025-08-28T16:31:15.495242" level="INFO">${mes} = 8</msg>
<var>${mes}</var>
<arg>${partes}[1]</arg>
<doc>Converts the given item to an integer number.</doc>
<status status="PASS" start="2025-08-28T16:31:15.495242" elapsed="0.000000"/>
</kw>
<kw name="Evaluate" owner="BuiltIn">
<msg time="2025-08-28T16:31:15.495242" level="INFO">${ano} = 2026</msg>
<var>${ano}</var>
<arg>${partes}[2] + 1</arg>
<doc>Evaluates the given expression in Python and returns the result.</doc>
<status status="PASS" start="2025-08-28T16:31:15.495242" elapsed="0.000000"/>
</kw>
<kw name="Format String" owner="String">
<msg time="2025-08-28T16:31:15.495242" level="INFO">${dia_formatado} = 28</msg>
<var>${dia_formatado}</var>
<arg>{:02d}</arg>
<arg>${dia}</arg>
<doc>Formats a ``template`` using the given ``positional`` and ``named`` arguments.</doc>
<status status="PASS" start="2025-08-28T16:31:15.495242" elapsed="0.000000"/>
</kw>
<kw name="Format String" owner="String">
<msg time="2025-08-28T16:31:15.495242" level="INFO">${mes_formatado} = 08</msg>
<var>${mes_formatado}</var>
<arg>{:02d}</arg>
<arg>${mes}</arg>
<doc>Formats a ``template`` using the given ``positional`` and ``named`` arguments.</doc>
<status status="PASS" start="2025-08-28T16:31:15.495242" elapsed="0.000000"/>
</kw>
<kw name="Set Variable" owner="BuiltIn">
<msg time="2025-08-28T16:31:15.495242" level="INFO">${data_final} = 28.08.2026</msg>
<var>${data_final}</var>
<arg>${dia_formatado}.${mes_formatado}.${ano}</arg>
<doc>Returns the given values which can then be assigned to a variables.</doc>
<status status="PASS" start="2025-08-28T16:31:15.495242" elapsed="0.000000"/>
</kw>
<return>
<value>${data_final}</value>
<status status="PASS" start="2025-08-28T16:31:15.495242" elapsed="0.000000"/>
</return>
<msg time="2025-08-28T16:31:15.495242" level="INFO">${data_final} = 28.08.2026</msg>
<var>${data_final}</var>
<arg>${data_inicial}</arg>
<doc>Calcula data final adicionando 1 ano à data inicial</doc>
<status status="PASS" start="2025-08-28T16:31:15.495242" elapsed="0.000000"/>
</kw>
<kw name="Fill Text Field" owner="RoboSAPiens">
<msg time="2025-08-28T16:31:15.526455" level="INFO">The text field with the locator 'Fim da validade' was filled.</msg>
<arg>Fim da validade</arg>
<arg>${data_final}</arg>
<doc>Fill the text field specified by the locator with the content provided.</doc>
<status status="PASS" start="2025-08-28T16:31:15.495242" elapsed="0.031213"/>
</kw>
<kw name="Set Variable" owner="BuiltIn">
<msg time="2025-08-28T16:31:15.538464" level="INFO">${cond_pagto} = Z000</msg>
<var>${cond_pagto}</var>
<arg>${contract_data['COND.PAG']}</arg>
<doc>Returns the given values which can then be assigned to a variables.</doc>
<status status="PASS" start="2025-08-28T16:31:15.538464" elapsed="0.000000"/>
</kw>
<kw name="Fill Text Field" owner="RoboSAPiens">
<msg time="2025-08-28T16:31:15.542473" level="INFO">The text field with the locator 'Condições pgto.' was filled.</msg>
<arg>Condições pgto.</arg>
<arg>${cond_pagto}</arg>
<doc>Fill the text field specified by the locator with the content provided.</doc>
<status status="PASS" start="2025-08-28T16:31:15.538464" elapsed="0.004009"/>
</kw>
<kw name="Press Key Combination" owner="RoboSAPiens">
<msg time="2025-08-28T16:31:16.091874" level="INFO">The key combination 'Enter' was pressed.</msg>
<arg>Enter</arg>
<doc>Press the given key combination.</doc>
<status status="PASS" start="2025-08-28T16:31:15.542473" elapsed="0.549401"/>
</kw>
<kw name="Fill Cell" owner="RoboSAPiens">
<msg time="2025-08-28T16:31:18.427850" level="INFO">The cell with the locator '1, Material' was filled.</msg>
<arg>1</arg>
<arg>Material</arg>
<arg>${contract_data['MATERIAL']}</arg>
<doc>Fill the cell at the intersection of the row and column with the content provided.</doc>
<status status="PASS" start="2025-08-28T16:31:16.091874" elapsed="2.335976"/>
</kw>
<kw name="Press Key Combination" owner="RoboSAPiens">
<msg time="2025-08-28T16:31:21.049512" level="INFO">The key combination 'Enter' was pressed.</msg>
<arg>Enter</arg>
<doc>Press the given key combination.</doc>
<status status="PASS" start="2025-08-28T16:31:18.427850" elapsed="2.621662"/>
</kw>
<kw name="Fill Cell" owner="RoboSAPiens">
<msg time="2025-08-28T16:31:21.107905" level="INFO">The cell with the locator '1, Qtd.prev.' was filled.</msg>
<arg>1</arg>
<arg>Qtd.prev.</arg>
<arg>${contract_data['QNTD']}</arg>
<doc>Fill the cell at the intersection of the row and column with the content provided.</doc>
<status status="PASS" start="2025-08-28T16:31:21.049512" elapsed="0.058393"/>
</kw>
<kw name="Fill Cell" owner="RoboSAPiens">
<msg time="2025-08-28T16:31:21.158757" level="INFO">The cell with the locator '1, Preço líq.' was filled.</msg>
<arg>1</arg>
<arg>Preço líq.</arg>
<arg>${contract_data['Preço']}</arg>
<doc>Fill the cell at the intersection of the row and column with the content provided.</doc>
<status status="PASS" start="2025-08-28T16:31:21.107905" elapsed="0.050852"/>
</kw>
<kw name="Press Key Combination" owner="RoboSAPiens">
<msg time="2025-08-28T16:31:23.790460" level="INFO">The key combination 'Enter' was pressed.</msg>
<arg>Enter</arg>
<doc>Press the given key combination.</doc>
<status status="PASS" start="2025-08-28T16:31:21.158757" elapsed="2.631703"/>
</kw>
<kw name="Save Contract">
<kw name="Press Key Combination" owner="RoboSAPiens">
<msg time="2025-08-28T16:31:24.135317" level="INFO">The key combination 'Ctrl+S' was pressed.</msg>
<arg>Ctrl+S</arg>
<doc>Press the given key combination.</doc>
<status status="PASS" start="2025-08-28T16:31:23.790460" elapsed="0.344857"/>
</kw>
<kw name="Select Text Field" owner="RoboSAPiens">
<msg time="2025-08-28T16:31:24.276775" level="INFO">The text field with the locator 'Item' was selected.</msg>
<arg>Item</arg>
<doc>Select the text field specified by the locator or with the given content.</doc>
<status status="PASS" start="2025-08-28T16:31:24.135317" elapsed="0.141458"/>
</kw>
<kw name="Press Key Combination" owner="RoboSAPiens">
<msg time="2025-08-28T16:31:27.050081" level="INFO">The key combination 'Enter' was pressed.</msg>
<arg>Enter</arg>
<doc>Press the given key combination.</doc>
<status status="PASS" start="2025-08-28T16:31:24.276775" elapsed="2.773306"/>
</kw>
<kw name="Press Key Combination" owner="RoboSAPiens">
<msg time="2025-08-28T16:31:27.864964" level="INFO">The key combination 'Enter' was pressed.</msg>
<arg>Enter</arg>
<doc>Press the given key combination.</doc>
<status status="PASS" start="2025-08-28T16:31:27.050081" elapsed="0.814883"/>
</kw>
<kw name="Get Window Title" owner="RoboSAPiens">
<msg time="2025-08-28T16:31:27.990451" level="INFO">The title of the window was obtained.</msg>
<msg time="2025-08-28T16:31:27.990451" level="INFO">${window_title} = Gravar doc.</msg>
<var>${window_title}</var>
<doc>Get the title of the currently active window.</doc>
<status status="PASS" start="2025-08-28T16:31:27.864964" elapsed="0.125487"/>
</kw>
<if>
<branch type="IF" condition="$window_title == 'Gravar doc.'">
<kw name="Push Button" owner="RoboSAPiens">
<msg time="2025-08-28T16:31:28.949083" level="INFO">The button 'Sim' was pushed.</msg>
<arg>Sim</arg>
<doc>Push the button with the given locator.</doc>
<status status="PASS" start="2025-08-28T16:31:27.990451" elapsed="0.958632"/>
</kw>
<status status="PASS" start="2025-08-28T16:31:27.990451" elapsed="0.958632"/>
</branch>
<status status="PASS" start="2025-08-28T16:31:27.990451" elapsed="0.958632"/>
</if>
<kw name="Get Window Title" owner="RoboSAPiens">
<msg time="2025-08-28T16:31:31.269395" level="INFO">The title of the window was obtained.</msg>
<msg time="2025-08-28T16:31:31.269395" level="INFO">${window_title2} = Criar Contrato : 1ª tela</msg>
<var>${window_title2}</var>
<doc>Get the title of the currently active window.</doc>
<status status="PASS" start="2025-08-28T16:31:28.949083" elapsed="2.320312"/>
</kw>
<if>
<branch type="IF" condition="$window_title2 == 'Gravar doc.'">
<kw name="Push Button" owner="RoboSAPiens">
<arg>Sim</arg>
<doc>Push the button with the given locator.</doc>
<status status="NOT RUN" start="2025-08-28T16:31:31.269395" elapsed="0.000000"/>
</kw>
<status status="NOT RUN" start="2025-08-28T16:31:31.269395" elapsed="0.000000"/>
</branch>
<status status="PASS" start="2025-08-28T16:31:31.269395" elapsed="0.000000"/>
</if>
<kw name="Read Statusbar" owner="RoboSAPiens">
<msg time="2025-08-28T16:31:31.283403" level="INFO">The statusbar was read.</msg>
<msg time="2025-08-28T16:31:31.283403" level="INFO">${statusBar} = {'status': 'Success', 'message': 'Contrato Qtd. Der. criado sob o nº 4600244398'}</msg>
<var>${statusBar}</var>
<doc>Read the contents of the statusbar. The return value is a dictionary with the entries 'status' and 'message'.</doc>
<status status="PASS" start="2025-08-28T16:31:31.269395" elapsed="0.014008"/>
</kw>
<kw name="Get Substring" owner="String">
<msg time="2025-08-28T16:31:31.283403" level="INFO">${contract_number} = 4600244398</msg>
<var>${contract_number}</var>
<arg>${statusBar['message']}</arg>
<arg>-10</arg>
<doc>Returns a substring from ``start`` index to ``end`` index.</doc>
<status status="PASS" start="2025-08-28T16:31:31.283403" elapsed="0.000000"/>
</kw>
<return>
<value>${contract_number}</value>
<status status="PASS" start="2025-08-28T16:31:31.283403" elapsed="0.000000"/>
</return>
<msg time="2025-08-28T16:31:31.283403" level="INFO">${new_contract_number} = 4600244398</msg>
<var>${new_contract_number}</var>
<doc>Salva o contrato e captura o número gerado</doc>
<status status="PASS" start="2025-08-28T16:31:23.790460" elapsed="7.492943"/>
</kw>
<return>
<value>${new_contract_number}</value>
<status status="PASS" start="2025-08-28T16:31:31.283403" elapsed="0.000000"/>
</return>
<msg time="2025-08-28T16:31:31.283403" level="INFO">${new_contract_number} = 4600244398</msg>
<var>${new_contract_number}</var>
<arg>${row_data}</arg>
<doc>Cria um contrato no SAP ME31K</doc>
<status status="PASS" start="2025-08-28T16:31:09.806059" elapsed="21.477344"/>
</kw>
<kw name="Save Return to Excel">
<kw name="Set Cell Value" owner="RPA.Excel.Files">
<arg>${index}</arg>
<arg>16</arg>
<arg>${contractNumber}</arg>
<doc>Set a cell value in the given worksheet.</doc>
<status status="PASS" start="2025-08-28T16:31:31.283403" elapsed="0.000000"/>
</kw>
<kw name="Save Workbook" owner="RPA.Excel.Files">
<doc>Save the active workbook.</doc>
<status status="PASS" start="2025-08-28T16:31:31.283403" elapsed="0.078140"/>
</kw>
<arg>${row_number}</arg>
<arg>${new_contract_number}</arg>
<doc>Salva o retorno da transação no Excel.</doc>
<status status="PASS" start="2025-08-28T16:31:31.283403" elapsed="0.078140"/>
</kw>
<kw name="Evaluate" owner="BuiltIn">
<msg time="2025-08-28T16:31:31.361543" level="INFO">${row_number} = 3</msg>
<var>${row_number}</var>
<arg>${row_number} + 1</arg>
<doc>Evaluates the given expression in Python and returns the result.</doc>
<status status="PASS" start="2025-08-28T16:31:31.361543" elapsed="0.000000"/>
</kw>
<var name="${index}">0</var>
<var name="${row_data}">{'Pedido Origem': 4503273185, 'Preço': 6, 'TIP DE PEDIDO': 'ZD', 'FORNECEDOR': 10001859, 'COND.PAG': 'Z000', 'INCOTERM': 'Z13', 'ORG. COMPRAS': 5821, 'GP. COMPRADOR': 951, 'EMPRESA': 2000, 'MATERIAL':...</var>
<status status="PASS" start="2025-08-28T16:31:09.806059" elapsed="21.555484"/>
</iter>
<iter>
<kw name="Create Contract">
<kw name="Set Variable" owner="BuiltIn">
<msg time="2025-08-28T16:31:31.361543" level="INFO">${fornecedor} = 10068989</msg>
<var>${fornecedor}</var>
<arg>${contract_data['FORNECEDOR']}</arg>
<doc>Returns the given values which can then be assigned to a variables.</doc>
<status status="PASS" start="2025-08-28T16:31:31.361543" elapsed="0.000000"/>
</kw>
<kw name="Set Variable" owner="BuiltIn">
<msg time="2025-08-28T16:31:31.361543" level="INFO">${tipo_contrato} = ZDDR</msg>
<var>${tipo_contrato}</var>
<arg>${contract_data['TP CONTRATO']}</arg>
<doc>Returns the given values which can then be assigned to a variables.</doc>
<status status="PASS" start="2025-08-28T16:31:31.361543" elapsed="0.000000"/>
</kw>
<kw name="Set Variable" owner="BuiltIn">
<msg time="2025-08-28T16:31:31.361543" level="INFO">${org_compra} = 5821</msg>
<var>${org_compra}</var>
<arg>${contract_data['ORG. COMPRAS']}</arg>
<doc>Returns the given values which can then be assigned to a variables.</doc>
<status status="PASS" start="2025-08-28T16:31:31.361543" elapsed="0.000000"/>
</kw>
<kw name="Set Variable" owner="BuiltIn">
<msg time="2025-08-28T16:31:31.361543" level="INFO">${grp_comprador} = 918</msg>
<var>${grp_comprador}</var>
<arg>${contract_data['GP. COMPRADOR']}</arg>
<doc>Returns the given values which can then be assigned to a variables.</doc>
<status status="PASS" start="2025-08-28T16:31:31.361543" elapsed="0.000000"/>
</kw>
<kw name="Fill Text Field" owner="RoboSAPiens">
<msg time="2025-08-28T16:31:31.424523" level="INFO">The text field with the locator 'Nº conta do fornecedor' was filled.</msg>
<arg>Nº conta do fornecedor</arg>
<arg>${fornecedor}</arg>
<doc>Fill the text field specified by the locator with the content provided.</doc>
<status status="PASS" start="2025-08-28T16:31:31.361543" elapsed="0.062980"/>
</kw>
<kw name="Fill Text Field" owner="RoboSAPiens">
<msg time="2025-08-28T16:31:31.424523" level="INFO">The text field with the locator 'Tipo de contrato' was filled.</msg>
<arg>Tipo de contrato</arg>
<arg>${tipo_contrato}</arg>
<doc>Fill the text field specified by the locator with the content provided.</doc>
<status status="PASS" start="2025-08-28T16:31:31.424523" elapsed="0.000000"/>
</kw>
<kw name="Fill Text Field" owner="RoboSAPiens">
<msg time="2025-08-28T16:31:31.440186" level="INFO">The text field with the locator 'Organização de compras' was filled.</msg>
<arg>Organização de compras</arg>
<arg>${org_compra}</arg>
<doc>Fill the text field specified by the locator with the content provided.</doc>
<status status="PASS" start="2025-08-28T16:31:31.424523" elapsed="0.015663"/>
</kw>
<kw name="Fill Text Field" owner="RoboSAPiens">
<msg time="2025-08-28T16:31:31.455814" level="INFO">The text field with the locator 'Grupo de compradores' was filled.</msg>
<arg>Grupo de compradores</arg>
<arg>${grp_comprador}</arg>
<doc>Fill the text field specified by the locator with the content provided.</doc>
<status status="PASS" start="2025-08-28T16:31:31.440186" elapsed="0.015628"/>
</kw>
<kw name="Press Key Combination" owner="RoboSAPiens">
<msg time="2025-08-28T16:31:32.083439" level="INFO">The key combination 'Enter' was pressed.</msg>
<arg>Enter</arg>
<doc>Press the given key combination.</doc>
<status status="PASS" start="2025-08-28T16:31:31.455814" elapsed="0.627625"/>
</kw>
<kw name="Read Text Field" owner="RoboSAPiens">
<msg time="2025-08-28T16:31:35.343696" level="INFO">The text field with the locator 'Início do período de validade' was read.</msg>
<msg time="2025-08-28T16:31:35.343696" level="INFO">${data_inicial} = 28.08.2025</msg>
<var>${data_inicial}</var>
<arg>Início do período de validade</arg>
<doc>Read the contents of the text field specified by the locator.</doc>
<status status="PASS" start="2025-08-28T16:31:32.083439" elapsed="3.260257"/>
</kw>
<kw name="Calculate Final Date">
<kw name="Split String" owner="String">
<msg time="2025-08-28T16:31:35.343696" level="INFO">${partes} = ['28', '08', '2025']</msg>
<var>${partes}</var>
<arg>${data_inicial}</arg>
<arg>.</arg>
<doc>Splits the ``string`` using ``separator`` as a delimiter string.</doc>
<status status="PASS" start="2025-08-28T16:31:35.343696" elapsed="0.000000"/>
</kw>
<kw name="Convert To Integer" owner="BuiltIn">
<msg time="2025-08-28T16:31:35.343696" level="INFO">${dia} = 28</msg>
<var>${dia}</var>
<arg>${partes}[0]</arg>
<doc>Converts the given item to an integer number.</doc>
<status status="PASS" start="2025-08-28T16:31:35.343696" elapsed="0.000000"/>
</kw>
<kw name="Convert To Integer" owner="BuiltIn">
<msg time="2025-08-28T16:31:35.343696" level="INFO">${mes} = 8</msg>
<var>${mes}</var>
<arg>${partes}[1]</arg>
<doc>Converts the given item to an integer number.</doc>
<status status="PASS" start="2025-08-28T16:31:35.343696" elapsed="0.000000"/>
</kw>
<kw name="Evaluate" owner="BuiltIn">
<msg time="2025-08-28T16:31:35.343696" level="INFO">${ano} = 2026</msg>
<var>${ano}</var>
<arg>${partes}[2] + 1</arg>
<doc>Evaluates the given expression in Python and returns the result.</doc>
<status status="PASS" start="2025-08-28T16:31:35.343696" elapsed="0.000000"/>
</kw>
<kw name="Format String" owner="String">
<msg time="2025-08-28T16:31:35.343696" level="INFO">${dia_formatado} = 28</msg>
<var>${dia_formatado}</var>
<arg>{:02d}</arg>
<arg>${dia}</arg>
<doc>Formats a ``template`` using the given ``positional`` and ``named`` arguments.</doc>
<status status="PASS" start="2025-08-28T16:31:35.343696" elapsed="0.000000"/>
</kw>
<kw name="Format String" owner="String">
<msg time="2025-08-28T16:31:35.343696" level="INFO">${mes_formatado} = 08</msg>
<var>${mes_formatado}</var>
<arg>{:02d}</arg>
<arg>${mes}</arg>
<doc>Formats a ``template`` using the given ``positional`` and ``named`` arguments.</doc>
<status status="PASS" start="2025-08-28T16:31:35.343696" elapsed="0.000000"/>
</kw>
<kw name="Set Variable" owner="BuiltIn">
<msg time="2025-08-28T16:31:35.343696" level="INFO">${data_final} = 28.08.2026</msg>
<var>${data_final}</var>
<arg>${dia_formatado}.${mes_formatado}.${ano}</arg>
<doc>Returns the given values which can then be assigned to a variables.</doc>
<status status="PASS" start="2025-08-28T16:31:35.343696" elapsed="0.000000"/>
</kw>
<return>
<value>${data_final}</value>
<status status="PASS" start="2025-08-28T16:31:35.343696" elapsed="0.000000"/>
</return>
<msg time="2025-08-28T16:31:35.343696" level="INFO">${data_final} = 28.08.2026</msg>
<var>${data_final}</var>
<arg>${data_inicial}</arg>
<doc>Calcula data final adicionando 1 ano à data inicial</doc>
<status status="PASS" start="2025-08-28T16:31:35.343696" elapsed="0.000000"/>
</kw>
<kw name="Fill Text Field" owner="RoboSAPiens">
<msg time="2025-08-28T16:31:35.376453" level="INFO">The text field with the locator 'Fim da validade' was filled.</msg>
<arg>Fim da validade</arg>
<arg>${data_final}</arg>
<doc>Fill the text field specified by the locator with the content provided.</doc>
<status status="PASS" start="2025-08-28T16:31:35.359362" elapsed="0.017091"/>
</kw>
<kw name="Set Variable" owner="BuiltIn">
<msg time="2025-08-28T16:31:35.376453" level="INFO">${cond_pagto} = Z000</msg>
<var>${cond_pagto}</var>
<arg>${contract_data['COND.PAG']}</arg>
<doc>Returns the given values which can then be assigned to a variables.</doc>
<status status="PASS" start="2025-08-28T16:31:35.376453" elapsed="0.000000"/>
</kw>
<kw name="Fill Text Field" owner="RoboSAPiens">
<msg time="2025-08-28T16:31:35.390962" level="INFO">The text field with the locator 'Condições pgto.' was filled.</msg>
<arg>Condições pgto.</arg>
<arg>${cond_pagto}</arg>
<doc>Fill the text field specified by the locator with the content provided.</doc>
<status status="PASS" start="2025-08-28T16:31:35.376453" elapsed="0.014509"/>
</kw>
<kw name="Press Key Combination" owner="RoboSAPiens">
<msg time="2025-08-28T16:31:35.991032" level="INFO">The key combination 'Enter' was pressed.</msg>
<arg>Enter</arg>
<doc>Press the given key combination.</doc>
<status status="PASS" start="2025-08-28T16:31:35.390962" elapsed="0.600070"/>
</kw>
<kw name="Fill Cell" owner="RoboSAPiens">
<msg time="2025-08-28T16:31:38.416348" level="INFO">The cell with the locator '1, Material' was filled.</msg>
<arg>1</arg>
<arg>Material</arg>
<arg>${contract_data['MATERIAL']}</arg>
<doc>Fill the cell at the intersection of the row and column with the content provided.</doc>
<status status="PASS" start="2025-08-28T16:31:35.991032" elapsed="2.425316"/>
</kw>
<kw name="Press Key Combination" owner="RoboSAPiens">
<msg time="2025-08-28T16:31:41.050420" level="INFO">The key combination 'Enter' was pressed.</msg>
<arg>Enter</arg>
<doc>Press the given key combination.</doc>
<status status="PASS" start="2025-08-28T16:31:38.416348" elapsed="2.634072"/>
</kw>
<kw name="Fill Cell" owner="RoboSAPiens">
<msg time="2025-08-28T16:31:41.097759" level="INFO">The cell with the locator '1, Qtd.prev.' was filled.</msg>
<arg>1</arg>
<arg>Qtd.prev.</arg>
<arg>${contract_data['QNTD']}</arg>
<doc>Fill the cell at the intersection of the row and column with the content provided.</doc>
<status status="PASS" start="2025-08-28T16:31:41.050420" elapsed="0.047339"/>
</kw>
<kw name="Fill Cell" owner="RoboSAPiens">
<msg time="2025-08-28T16:31:41.144645" level="INFO">The cell with the locator '1, Preço líq.' was filled.</msg>
<arg>1</arg>
<arg>Preço líq.</arg>
<arg>${contract_data['Preço']}</arg>
<doc>Fill the cell at the intersection of the row and column with the content provided.</doc>
<status status="PASS" start="2025-08-28T16:31:41.097759" elapsed="0.046886"/>
</kw>
<kw name="Press Key Combination" owner="RoboSAPiens">
<msg time="2025-08-28T16:31:43.857459" level="INFO">The key combination 'Enter' was pressed.</msg>
<arg>Enter</arg>
<doc>Press the given key combination.</doc>
<status status="PASS" start="2025-08-28T16:31:41.144645" elapsed="2.712814"/>
</kw>
<kw name="Save Contract">
<kw name="Press Key Combination" owner="RoboSAPiens">
<msg time="2025-08-28T16:31:44.201737" level="INFO">The key combination 'Ctrl+S' was pressed.</msg>
<arg>Ctrl+S</arg>
<doc>Press the given key combination.</doc>
<status status="PASS" start="2025-08-28T16:31:43.857459" elapsed="0.344278"/>
</kw>
<kw name="Select Text Field" owner="RoboSAPiens">
<msg time="2025-08-28T16:31:44.358469" level="INFO">The text field with the locator 'Item' was selected.</msg>
<arg>Item</arg>
<doc>Select the text field specified by the locator or with the given content.</doc>
<status status="PASS" start="2025-08-28T16:31:44.201737" elapsed="0.156732"/>
</kw>
<kw name="Press Key Combination" owner="RoboSAPiens">
<msg time="2025-08-28T16:31:47.070457" level="INFO">The key combination 'Enter' was pressed.</msg>
<arg>Enter</arg>
<doc>Press the given key combination.</doc>
<status status="PASS" start="2025-08-28T16:31:44.358469" elapsed="2.711988"/>
</kw>
<kw name="Press Key Combination" owner="RoboSAPiens">
<msg time="2025-08-28T16:31:47.638904" level="INFO">The key combination 'Enter' was pressed.</msg>
<arg>Enter</arg>
<doc>Press the given key combination.</doc>
<status status="PASS" start="2025-08-28T16:31:47.070457" elapsed="0.568447"/>
</kw>
<kw name="Get Window Title" owner="RoboSAPiens">
<msg time="2025-08-28T16:31:47.901551" level="INFO">The title of the window was obtained.</msg>
<msg time="2025-08-28T16:31:47.901551" level="INFO">${window_title} = Gravar doc.</msg>
<var>${window_title}</var>
<doc>Get the title of the currently active window.</doc>
<status status="PASS" start="2025-08-28T16:31:47.638904" elapsed="0.262647"/>
</kw>
<if>
<branch type="IF" condition="$window_title == 'Gravar doc.'">
<kw name="Push Button" owner="RoboSAPiens">
<msg time="2025-08-28T16:31:48.699924" level="INFO">The button 'Sim' was pushed.</msg>
<arg>Sim</arg>
<doc>Push the button with the given locator.</doc>
<status status="PASS" start="2025-08-28T16:31:47.901551" elapsed="0.798373"/>
</kw>
<status status="PASS" start="2025-08-28T16:31:47.901551" elapsed="0.798373"/>
</branch>
<status status="PASS" start="2025-08-28T16:31:47.901551" elapsed="0.798373"/>
</if>
<kw name="Get Window Title" owner="RoboSAPiens">
<msg time="2025-08-28T16:31:51.193988" level="INFO">The title of the window was obtained.</msg>
<msg time="2025-08-28T16:31:51.193988" level="INFO">${window_title2} = Criar Contrato : 1ª tela</msg>
<var>${window_title2}</var>
<doc>Get the title of the currently active window.</doc>
<status status="PASS" start="2025-08-28T16:31:48.699924" elapsed="2.494064"/>
</kw>
<if>
<branch type="IF" condition="$window_title2 == 'Gravar doc.'">
<kw name="Push Button" owner="RoboSAPiens">
<arg>Sim</arg>
<doc>Push the button with the given locator.</doc>
<status status="NOT RUN" start="2025-08-28T16:31:51.193988" elapsed="0.000000"/>
</kw>
<status status="NOT RUN" start="2025-08-28T16:31:51.193988" elapsed="0.000000"/>
</branch>
<status status="PASS" start="2025-08-28T16:31:51.193988" elapsed="0.000000"/>
</if>
<kw name="Read Statusbar" owner="RoboSAPiens">
<msg time="2025-08-28T16:31:51.204043" level="INFO">The statusbar was read.</msg>
<msg time="2025-08-28T16:31:51.204043" level="INFO">${statusBar} = {'status': 'Success', 'message': 'Contrato Qtd. Der. criado sob o nº 4600244399'}</msg>
<var>${statusBar}</var>
<doc>Read the contents of the statusbar. The return value is a dictionary with the entries 'status' and 'message'.</doc>
<status status="PASS" start="2025-08-28T16:31:51.193988" elapsed="0.010055"/>
</kw>
<kw name="Get Substring" owner="String">
<msg time="2025-08-28T16:31:51.204043" level="INFO">${contract_number} = 4600244399</msg>
<var>${contract_number}</var>
<arg>${statusBar['message']}</arg>
<arg>-10</arg>
<doc>Returns a substring from ``start`` index to ``end`` index.</doc>
<status status="PASS" start="2025-08-28T16:31:51.204043" elapsed="0.000000"/>
</kw>
<return>
<value>${contract_number}</value>
<status status="PASS" start="2025-08-28T16:31:51.204043" elapsed="0.000000"/>
</return>
<msg time="2025-08-28T16:31:51.204043" level="INFO">${new_contract_number} = 4600244399</msg>
<var>${new_contract_number}</var>
<doc>Salva o contrato e captura o número gerado</doc>
<status status="PASS" start="2025-08-28T16:31:43.857459" elapsed="7.346584"/>
</kw>
<return>
<value>${new_contract_number}</value>
<status status="PASS" start="2025-08-28T16:31:51.204043" elapsed="0.000000"/>
</return>
<msg time="2025-08-28T16:31:51.204043" level="INFO">${new_contract_number} = 4600244399</msg>
<var>${new_contract_number}</var>
<arg>${row_data}</arg>
<doc>Cria um contrato no SAP ME31K</doc>
<status status="PASS" start="2025-08-28T16:31:31.361543" elapsed="19.842500"/>
</kw>
<kw name="Save Return to Excel">
<kw name="Set Cell Value" owner="RPA.Excel.Files">
<arg>${index}</arg>
<arg>16</arg>
<arg>${contractNumber}</arg>
<doc>Set a cell value in the given worksheet.</doc>
<status status="PASS" start="2025-08-28T16:31:51.204043" elapsed="0.006046"/>
</kw>
<kw name="Save Workbook" owner="RPA.Excel.Files">
<doc>Save the active workbook.</doc>
<status status="PASS" start="2025-08-28T16:31:51.210089" elapsed="0.031270"/>
</kw>
<arg>${row_number}</arg>
<arg>${new_contract_number}</arg>
<doc>Salva o retorno da transação no Excel.</doc>
<status status="PASS" start="2025-08-28T16:31:51.204043" elapsed="0.037316"/>
</kw>
<kw name="Evaluate" owner="BuiltIn">
<msg time="2025-08-28T16:31:51.241359" level="INFO">${row_number} = 4</msg>
<var>${row_number}</var>
<arg>${row_number} + 1</arg>
<doc>Evaluates the given expression in Python and returns the result.</doc>
<status status="PASS" start="2025-08-28T16:31:51.241359" elapsed="0.000000"/>
</kw>
<var name="${index}">1</var>
<var name="${row_data}">{'Pedido Origem': 4503274856, 'Preço': 7, 'TIP DE PEDIDO': 'ZD', 'FORNECEDOR': 10068989, 'COND.PAG': 'Z000', 'INCOTERM': 'Z10', 'ORG. COMPRAS': 5821, 'GP. COMPRADOR': 918, 'EMPRESA': 2000, 'MATERIAL':...</var>
<status status="PASS" start="2025-08-28T16:31:31.361543" elapsed="19.879816"/>
</iter>
<var>${index}</var>
<var>${row_data}</var>
<value>@{testData}</value>
<status status="PASS" start="2025-08-28T16:31:09.806059" elapsed="41.435300"/>
</for>
<arg>${testData}</arg>
<doc>Processa cada linha do excel para criar contratos</doc>
<status status="PASS" start="2025-08-28T16:31:09.806059" elapsed="41.435300"/>
</kw>
<kw name="Log" owner="BuiltIn">
<msg time="2025-08-28T16:31:51.241359" level="INFO">Criação de contratos finalizada com sucesso!</msg>
<arg>Criação de contratos finalizada com sucesso!</arg>
<doc>Logs the given message with the given level.</doc>
<status status="PASS" start="2025-08-28T16:31:51.241359" elapsed="0.000000"/>
</kw>
<doc>Cria contratos no SAP ME31K baseado em dados do Excel</doc>
<tag>contratos</tag>
<tag>excel</tag>
<tag>me31k</tag>
<tag>sap</tag>
<status status="PASS" start="2025-08-28T16:31:06.581943" elapsed="44.659416"/>
</test>
<doc>Automação para criação de contratos no SAP via transação ME31K
Lê dados do Excel e cria contratos automaticamente</doc>
<status status="PASS" start="2025-08-28T16:31:05.737478" elapsed="45.503881"/>
</suite>
<statistics>
<total>
<stat pass="1" fail="0" skip="0">All Tests</stat>
</total>
<tag>
<stat pass="1" fail="0" skip="0">contratos</stat>
<stat pass="1" fail="0" skip="0">excel</stat>
<stat pass="1" fail="0" skip="0">me31k</stat>
<stat pass="1" fail="0" skip="0">sap</stat>
</tag>
<suite>
<stat name="CRIAR CONTRATOS" id="s1" pass="1" fail="0" skip="0">CRIAR CONTRATOS</stat>
</suite>
</statistics>
<errors>
</errors>
</robot>
