<?xml version="1.0" encoding="UTF-8"?>
<robot generator="Robot 7.3.2 (Python 3.12.10 on win32)" generated="2025-08-21T15:42:11.468563" rpa="false" schemaversion="5">
<suite id="s1" name="MIGO" source="C:\Users\ETH6\OneDrive - VIBRA\Documentos\GitHub\testeS4\Caso 3 - MIRO e MIGO\Robot\MIGO.robot">
<test id="s1-t1" name="Executar MIGO Entrada de Mercadoria" line="12">
<kw name="Prepare SAP">
<kw name="Connect to Running SAP" owner="RoboSAPiens">
<msg time="2025-08-21T15:42:15.447114" level="INFO">Connected to a running SAP instance.</msg>
<doc>Connect to an already running SAP instance and take control of it.</doc>
<status status="PASS" start="2025-08-21T15:42:12.396877" elapsed="3.050237"/>
</kw>
<kw name="Maximize window" owner="RoboSAPiens">
<msg time="2025-08-21T15:42:15.450110" level="INFO">The window in the foreground was maximized.</msg>
<doc>Maximize the window in the foreground.</doc>
<status status="PASS" start="2025-08-21T15:42:15.447561" elapsed="0.002549"/>
</kw>
<doc>Conecta ao SAP</doc>
<status status="PASS" start="2025-08-21T15:42:12.394941" elapsed="3.055169"/>
</kw>
<kw name="Read Worksheet As Table" owner="RPA.Excel.Files">
<msg time="2025-08-21T15:42:15.450110" level="FAIL">No active workbook</msg>
<var>${testData}</var>
<arg>header=True</arg>
<doc>Read the contents of a worksheet into a Table container. Allows
sorting/filtering/manipulating using the ``RPA.Tables`` library.</doc>
<status status="FAIL" start="2025-08-21T15:42:15.450110" elapsed="0.000000">No active workbook</status>
</kw>
<for flavor="IN">
<iter>
<kw name="Log To Console" owner="BuiltIn">
<arg>Processando pedido: ${row['Pedido Origem']}</arg>
<doc>Logs the given message to the console.</doc>
<status status="NOT RUN" start="2025-08-21T15:42:15.450110" elapsed="0.000000"/>
</kw>
<kw name="Execute Transaction" owner="RoboSAPiens">
<arg>/nmigo</arg>
<doc>Execute the transaction with the given T-Code.</doc>
<status status="NOT RUN" start="2025-08-21T15:42:15.450110" elapsed="0.000000"/>
</kw>
<kw name="Fill Purchase Order Details">
<arg>${row['Pedido Origem']}</arg>
<doc>Preenche o número do documento de compra</doc>
<status status="NOT RUN" start="2025-08-21T15:42:15.450110" elapsed="0.000000"/>
</kw>
<kw name="Configure Item Details">
<doc>Configura a localização de armazenamento e a caixa de seleção de detalhes</doc>
<status status="NOT RUN" start="2025-08-21T15:42:15.450110" elapsed="0.000000"/>
</kw>
<kw name="Set Delivery Note">
<doc>Preenche o número da nota de remessa</doc>
<status status="NOT RUN" start="2025-08-21T15:42:15.450110" elapsed="0.000000"/>
</kw>
<kw name="Save Transaction">
<doc>Salva a transação MIGO</doc>
<status status="NOT RUN" start="2025-08-21T15:42:15.450110" elapsed="0.000000"/>
</kw>
<var name="${row}"/>
<status status="NOT RUN" start="2025-08-21T15:42:15.450110" elapsed="0.000000"/>
</iter>
<var>${row}</var>
<value>@{testData}</value>
<status status="NOT RUN" start="2025-08-21T15:42:15.450110" elapsed="0.000000"/>
</for>
<doc>Executa a transação MIGO para entrada de mercadorias no SAP</doc>
<tag>migo</tag>
<tag>sap</tag>
<status status="FAIL" start="2025-08-21T15:42:12.393935" elapsed="3.056175">No active workbook</status>
</test>
<status status="FAIL" start="2025-08-21T15:42:11.468563" elapsed="3.981547"/>
</suite>
<statistics>
<total>
<stat pass="0" fail="1" skip="0">All Tests</stat>
</total>
<tag>
<stat pass="0" fail="1" skip="0">migo</stat>
<stat pass="0" fail="1" skip="0">sap</stat>
</tag>
<suite>
<stat name="MIGO" id="s1" pass="0" fail="1" skip="0">MIGO</stat>
</suite>
</statistics>
<errors>
</errors>
</robot>
