<?xml version="1.0" encoding="UTF-8"?>
<robot generator="Robot 7.3.2 (Python 3.12.10 on win32)" generated="2025-08-21T18:04:32.079869" rpa="false" schemaversion="5">
<suite id="s1" name="MIGO" source="C:\Users\ETH6\OneDrive - VIBRA\Documentos\GitHub\testeS4\Testes\Caso 3 - MIRO e MIGO\MIGO\MIGO.robot">
<test id="s1-t1" name="Executar MIGO" line="12">
<kw name="Prepare SAP">
<kw name="Connect to Running SAP" owner="RoboSAPiens">
<msg time="2025-08-21T18:04:36.689554" level="INFO">Connected to a running SAP instance.</msg>
<doc>Connect to an already running SAP instance and take control of it.</doc>
<status status="PASS" start="2025-08-21T18:04:33.354472" elapsed="3.335082"/>
</kw>
<kw name="Maximize window" owner="RoboSAPiens">
<msg time="2025-08-21T18:04:36.694602" level="INFO">The window in the foreground was maximized.</msg>
<doc>Maximize the window in the foreground.</doc>
<status status="PASS" start="2025-08-21T18:04:36.689554" elapsed="0.005048"/>
</kw>
<doc>Conecta ao SAP</doc>
<status status="PASS" start="2025-08-21T18:04:33.354472" elapsed="3.340130"/>
</kw>
<kw name="Abrir Planilha de Dados de Teste">
<kw name="Join Path" owner="OperatingSystem">
<msg time="2025-08-21T18:04:36.694602" level="INFO">${caminho_planilha} = C:\Users\ETH6\OneDrive - VIBRA\Documentos\GitHub\testeS4\Dados\Dados apresentação 22-08.xlsx</msg>
<var>${caminho_planilha}</var>
<arg>C:\\Users\\ETH6\\OneDrive - VIBRA\\Documentos\\GitHub\\testeS4\\Testes\\Caso 3 - MIRO e MIGO\\MIGO</arg>
<arg>../../..</arg>
<arg>Dados</arg>
<arg>${nomePlanilha}</arg>
<doc>Joins the given path part(s) to the given base path.</doc>
<status status="PASS" start="2025-08-21T18:04:36.694602" elapsed="0.000000"/>
</kw>
<kw name="Open Workbook" owner="RPA.Excel.Files">
<msg time="2025-08-21T18:04:36.694602" level="INFO">Failed to open as Office Open XML (.xlsx) format: [Errno 13] Permission denied: 'C:\\Users\\ETH6\\OneDrive - VIBRA\\Documentos\\GitHub\\testeS4\\Dados\\Dados apresentação 22-08.xlsx'</msg>
<msg time="2025-08-21T18:04:36.694602" level="INFO">Failed to open as Excel Binary Format (.xls): [Errno 13] Permission denied: 'C:\\Users\\ETH6\\OneDrive - VIBRA\\Documentos\\GitHub\\testeS4\\Dados\\Dados apresentação 22-08.xlsx'</msg>
<msg time="2025-08-21T18:04:36.694602" level="FAIL">ValueError: Failed to open Excel file (C:\Users\ETH6\OneDrive - VIBRA\Documentos\GitHub\testeS4\Dados\Dados apresentação 22-08.xlsx), verify that the path and extension are correct</msg>
<arg>${caminho_planilha}</arg>
<doc>Open an existing Excel workbook.</doc>
<status status="FAIL" start="2025-08-21T18:04:36.694602" elapsed="0.000000">ValueError: Failed to open Excel file (C:\Users\ETH6\OneDrive - VIBRA\Documentos\GitHub\testeS4\Dados\Dados apresentação 22-08.xlsx), verify that the path and extension are correct</status>
</kw>
<arg>Dados apresentação 22-08.xlsx</arg>
<doc>Abre o arquivo Excel com os dados para a execução dos casos de teste.</doc>
<status status="FAIL" start="2025-08-21T18:04:36.694602" elapsed="0.000000">ValueError: Failed to open Excel file (C:\Users\ETH6\OneDrive - VIBRA\Documentos\GitHub\testeS4\Dados\Dados apresentação 22-08.xlsx), verify that the path and extension are correct</status>
</kw>
<kw name="Read Worksheet As Table" owner="RPA.Excel.Files">
<var>${testData}</var>
<arg>header=True</arg>
<doc>Read the contents of a worksheet into a Table container. Allows
sorting/filtering/manipulating using the ``RPA.Tables`` library.</doc>
<status status="NOT RUN" start="2025-08-21T18:04:36.694602" elapsed="0.000000"/>
</kw>
<for flavor="IN">
<iter>
<kw name="Log To Console" owner="BuiltIn">
<arg>Processando pedido: ${row['NV PEDIDO']}</arg>
<doc>Logs the given message to the console.</doc>
<status status="NOT RUN" start="2025-08-21T18:04:36.694602" elapsed="0.000000"/>
</kw>
<kw name="Execute Transaction" owner="RoboSAPiens">
<arg>/nmigo</arg>
<doc>Execute the transaction with the given T-Code.</doc>
<status status="NOT RUN" start="2025-08-21T18:04:36.694602" elapsed="0.000000"/>
</kw>
<kw name="Fill Purchase Order Details">
<arg>${row['NV PEDIDO']}</arg>
<doc>Preenche o número do documento de compra</doc>
<status status="NOT RUN" start="2025-08-21T18:04:36.694602" elapsed="0.000000"/>
</kw>
<kw name="Configure Item Details">
<doc>Configura a localização de armazenamento e a caixa de seleção de detalhes</doc>
<status status="NOT RUN" start="2025-08-21T18:04:36.694602" elapsed="0.000000"/>
</kw>
<kw name="Set Delivery Note">
<doc>Preenche o número da nota de remessa</doc>
<status status="NOT RUN" start="2025-08-21T18:04:36.704786" elapsed="0.000000"/>
</kw>
<kw name="Save Transaction">
<doc>Salva a transação MIGO</doc>
<status status="NOT RUN" start="2025-08-21T18:04:36.704786" elapsed="0.000000"/>
</kw>
<var name="${row}"/>
<status status="NOT RUN" start="2025-08-21T18:04:36.694602" elapsed="0.010184"/>
</iter>
<var>${row}</var>
<value>@{testData}</value>
<status status="NOT RUN" start="2025-08-21T18:04:36.694602" elapsed="0.010184"/>
</for>
<doc>Executa a transação MIGO para entrada de mercadorias no SAP</doc>
<tag>migo</tag>
<tag>sap</tag>
<status status="FAIL" start="2025-08-21T18:04:33.349929" elapsed="3.354857">ValueError: Failed to open Excel file (C:\Users\ETH6\OneDrive - VIBRA\Documentos\GitHub\testeS4\Dados\Dados apresentação 22-08.xlsx), verify that the path and extension are correct</status>
</test>
<status status="FAIL" start="2025-08-21T18:04:32.084880" elapsed="4.619906"/>
</suite>
<statistics>
<total>
<stat pass="0" fail="1" skip="0">All Tests</stat>
</total>
<tag>
<stat pass="0" fail="1" skip="0">migo</stat>
<stat pass="0" fail="1" skip="0">sap</stat>
</tag>
<suite>
<stat name="MIGO" id="s1" pass="0" fail="1" skip="0">MIGO</stat>
</suite>
</statistics>
<errors>
</errors>
</robot>
